2024-08-26T14:55:14.941+08:00  INFO 10648 --- [todolist] [restartedMain] c.todolist.todolist.TodolistApplication  : Starting TodolistApplication using Java 21 with PID 10648 (C:\Users\360Appz\Downloads\CAREER\spring-boot-projects\todolist\target\classes started by 360Appz in C:\Users\360Appz\Downloads\CAREER\spring-boot-projects\todolist)
2024-08-26T14:55:14.944+08:00  INFO 10648 --- [todolist] [restartedMain] c.todolist.todolist.TodolistApplication  : No active profile set, falling back to 1 default profile: "default"
2024-08-26T14:55:15.004+08:00  INFO 10648 --- [todolist] [restartedMain] o.s.b.devtools.restart.ChangeableUrls    : The Class-Path manifest attribute in C:\Users\360Appz\.m2\repository\com\oracle\database\jdbc\ojdbc8\21.9.0.0\ojdbc8-21.9.0.0.jar referenced one or more files that do not exist: file:/C:/Users/360Appz/.m2/repository/com/oracle/database/jdbc/ojdbc8/21.9.0.0/oraclepki.jar
2024-08-26T14:55:15.006+08:00  INFO 10648 --- [todolist] [restartedMain] .e.DevToolsPropertyDefaultsPostProcessor : Devtools property defaults active! Set 'spring.devtools.add-properties' to 'false' to disable
2024-08-26T14:55:15.007+08:00  INFO 10648 --- [todolist] [restartedMain] .e.DevToolsPropertyDefaultsPostProcessor : For additional web related logging consider setting the 'logging.level.web' property to 'DEBUG'
2024-08-26T14:55:15.844+08:00  INFO 10648 --- [todolist] [restartedMain] .s.d.r.c.RepositoryConfigurationDelegate : Bootstrapping Spring Data JPA repositories in DEFAULT mode.
2024-08-26T14:55:15.935+08:00  INFO 10648 --- [todolist] [restartedMain] .s.d.r.c.RepositoryConfigurationDelegate : Finished Spring Data repository scanning in 82 ms. Found 3 JPA repository interfaces.
2024-08-26T14:55:16.626+08:00  INFO 10648 --- [todolist] [restartedMain] o.s.b.w.embedded.tomcat.TomcatWebServer  : Tomcat initialized with port 8080 (http)
2024-08-26T14:55:16.641+08:00  INFO 10648 --- [todolist] [restartedMain] o.apache.catalina.core.StandardService   : Starting service [Tomcat]
2024-08-26T14:55:16.641+08:00  INFO 10648 --- [todolist] [restartedMain] o.apache.catalina.core.StandardEngine    : Starting Servlet engine: [Apache Tomcat/10.1.26]
2024-08-26T14:55:16.696+08:00  INFO 10648 --- [todolist] [restartedMain] o.a.c.c.C.[Tomcat].[localhost].[/]       : Initializing Spring embedded WebApplicationContext
2024-08-26T14:55:16.697+08:00  INFO 10648 --- [todolist] [restartedMain] w.s.c.ServletWebServerApplicationContext : Root WebApplicationContext: initialization completed in 1690 ms
2024-08-26T14:55:16.881+08:00  INFO 10648 --- [todolist] [restartedMain] o.hibernate.jpa.internal.util.LogHelper  : HHH000204: Processing PersistenceUnitInfo [name: default]
2024-08-26T14:55:16.949+08:00  INFO 10648 --- [todolist] [restartedMain] org.hibernate.Version                    : HHH000412: Hibernate ORM core version 6.5.2.Final
2024-08-26T14:55:16.996+08:00  INFO 10648 --- [todolist] [restartedMain] o.h.c.internal.RegionFactoryInitiator    : HHH000026: Second-level cache disabled
2024-08-26T14:55:17.340+08:00  INFO 10648 --- [todolist] [restartedMain] o.s.o.j.p.SpringPersistenceUnitInfo      : No LoadTimeWeaver setup: ignoring JPA class transformer
2024-08-26T14:55:17.377+08:00  INFO 10648 --- [todolist] [restartedMain] com.zaxxer.hikari.HikariDataSource       : HikariPool-1 - Starting...
2024-08-26T14:55:17.755+08:00  INFO 10648 --- [todolist] [restartedMain] com.zaxxer.hikari.pool.HikariPool        : HikariPool-1 - Added connection oracle.jdbc.driver.T4CConnection@455ceb08
2024-08-26T14:55:17.759+08:00  INFO 10648 --- [todolist] [restartedMain] com.zaxxer.hikari.HikariDataSource       : HikariPool-1 - Start completed.
2024-08-26T14:55:19.167+08:00  INFO 10648 --- [todolist] [restartedMain] o.h.e.t.j.p.i.JtaPlatformInitiator       : HHH000489: No JTA platform available (set 'hibernate.transaction.jta.platform' to enable JTA platform integration)
2024-08-26T14:55:20.933+08:00  INFO 10648 --- [todolist] [restartedMain] j.LocalContainerEntityManagerFactoryBean : Initialized JPA EntityManagerFactory for persistence unit 'default'
2024-08-26T14:55:21.531+08:00  INFO 10648 --- [todolist] [restartedMain] r$InitializeUserDetailsManagerConfigurer : Global AuthenticationManager configured with UserDetailsService bean with name myUserDetailsService
2024-08-26T14:55:21.599+08:00  WARN 10648 --- [todolist] [restartedMain] JpaBaseConfiguration$JpaWebConfiguration : spring.jpa.open-in-view is enabled by default. Therefore, database queries may be performed during view rendering. Explicitly configure spring.jpa.open-in-view to disable this warning
2024-08-26T14:55:22.382+08:00  INFO 10648 --- [todolist] [restartedMain] o.s.b.d.a.OptionalLiveReloadServer       : LiveReload server is running on port 35729
2024-08-26T14:55:22.437+08:00  INFO 10648 --- [todolist] [restartedMain] o.s.b.w.embedded.tomcat.TomcatWebServer  : Tomcat started on port 8080 (http) with context path '/'
2024-08-26T14:55:22.464+08:00  INFO 10648 --- [todolist] [restartedMain] c.todolist.todolist.TodolistApplication  : Started TodolistApplication in 7.959 seconds (process running for 8.698)
2024-08-26T14:56:28.551+08:00  INFO 10648 --- [todolist] [http-nio-8080-exec-1] o.a.c.c.C.[Tomcat].[localhost].[/]       : Initializing Spring DispatcherServlet 'dispatcherServlet'
2024-08-26T14:56:28.551+08:00  INFO 10648 --- [todolist] [http-nio-8080-exec-1] o.s.web.servlet.DispatcherServlet        : Initializing Servlet 'dispatcherServlet'
2024-08-26T14:56:28.553+08:00  INFO 10648 --- [todolist] [http-nio-8080-exec-1] o.s.web.servlet.DispatcherServlet        : Completed initialization in 2 ms
2024-08-26T14:56:28.591+08:00  INFO 10648 --- [todolist] [http-nio-8080-exec-1] c.t.todolist.security.JwtRequestFilter   : Processing request to: /api/v1/CRUD/getAllTasks
2024-08-26T14:56:28.591+08:00  INFO 10648 --- [todolist] [http-nio-8080-exec-1] c.t.todolist.security.JwtRequestFilter   : Authorization Header: null
2024-08-26T14:56:28.591+08:00  WARN 10648 --- [todolist] [http-nio-8080-exec-1] c.t.todolist.security.JwtRequestFilter   : Authorization header is missing or does not start with Bearer 
2024-08-26T14:56:28.615+08:00  INFO 10648 --- [todolist] [http-nio-8080-exec-2] c.t.todolist.security.JwtRequestFilter   : Processing request to: /api/v1/CRUD/getAllTasks
2024-08-26T14:56:28.616+08:00  INFO 10648 --- [todolist] [http-nio-8080-exec-2] c.t.todolist.security.JwtRequestFilter   : Authorization Header: null
2024-08-26T14:56:28.616+08:00  WARN 10648 --- [todolist] [http-nio-8080-exec-2] c.t.todolist.security.JwtRequestFilter   : Authorization header is missing or does not start with Bearer 
2024-08-26T15:00:43.251+08:00  INFO 10648 --- [todolist] [http-nio-8080-exec-5] c.t.todolist.security.JwtRequestFilter   : Processing request to: /api/v1/security/register
2024-08-26T15:00:43.252+08:00  INFO 10648 --- [todolist] [http-nio-8080-exec-5] c.t.todolist.security.JwtRequestFilter   : Authorization Header: null
2024-08-26T15:00:43.252+08:00  WARN 10648 --- [todolist] [http-nio-8080-exec-5] c.t.todolist.security.JwtRequestFilter   : Authorization header is missing or does not start with Bearer 
2024-08-26T15:00:43.362+08:00  INFO 10648 --- [todolist] [http-nio-8080-exec-5] c.t.t.c.security.RegistrationController  : Received Registration Request: RegistrationRequest(username=user4, password=user4, email=user4@gmail.com)
2024-08-26T15:00:44.728+08:00  INFO 10648 --- [todolist] [http-nio-8080-exec-6] c.t.todolist.security.JwtRequestFilter   : Processing request to: /api/v1/CRUD/getAllTasks
2024-08-26T15:00:44.730+08:00  INFO 10648 --- [todolist] [http-nio-8080-exec-6] c.t.todolist.security.JwtRequestFilter   : Authorization Header: null
2024-08-26T15:00:44.730+08:00  WARN 10648 --- [todolist] [http-nio-8080-exec-6] c.t.todolist.security.JwtRequestFilter   : Authorization header is missing or does not start with Bearer 
2024-08-26T15:00:44.738+08:00  INFO 10648 --- [todolist] [http-nio-8080-exec-7] c.t.todolist.security.JwtRequestFilter   : Processing request to: /api/v1/CRUD/getAllTasks
2024-08-26T15:00:44.738+08:00  INFO 10648 --- [todolist] [http-nio-8080-exec-7] c.t.todolist.security.JwtRequestFilter   : Authorization Header: null
2024-08-26T15:00:44.738+08:00  WARN 10648 --- [todolist] [http-nio-8080-exec-7] c.t.todolist.security.JwtRequestFilter   : Authorization header is missing or does not start with Bearer 
2024-08-26T15:03:38.058+08:00  INFO 10648 --- [todolist] [http-nio-8080-exec-10] c.t.todolist.security.JwtRequestFilter   : Processing request to: /api/v1/security/register
2024-08-26T15:03:38.059+08:00  INFO 10648 --- [todolist] [http-nio-8080-exec-10] c.t.todolist.security.JwtRequestFilter   : Authorization Header: null
2024-08-26T15:03:38.059+08:00  WARN 10648 --- [todolist] [http-nio-8080-exec-10] c.t.todolist.security.JwtRequestFilter   : Authorization header is missing or does not start with Bearer 
2024-08-26T15:03:38.061+08:00  INFO 10648 --- [todolist] [http-nio-8080-exec-10] c.t.t.c.security.RegistrationController  : Received Registration Request: RegistrationRequest(username=user5, password=user5, email=user5@gmail.com)
2024-08-26T15:03:39.223+08:00  INFO 10648 --- [todolist] [http-nio-8080-exec-1] c.t.todolist.security.JwtRequestFilter   : Processing request to: /api/v1/CRUD/getAllTasks
2024-08-26T15:03:39.224+08:00  INFO 10648 --- [todolist] [http-nio-8080-exec-1] c.t.todolist.security.JwtRequestFilter   : Authorization Header: null
2024-08-26T15:03:39.225+08:00  WARN 10648 --- [todolist] [http-nio-8080-exec-1] c.t.todolist.security.JwtRequestFilter   : Authorization header is missing or does not start with Bearer 
2024-08-26T15:03:39.291+08:00  INFO 10648 --- [todolist] [http-nio-8080-exec-2] c.t.todolist.security.JwtRequestFilter   : Processing request to: /api/v1/CRUD/getAllTasks
2024-08-26T15:03:39.292+08:00  INFO 10648 --- [todolist] [http-nio-8080-exec-2] c.t.todolist.security.JwtRequestFilter   : Authorization Header: null
2024-08-26T15:03:39.292+08:00  WARN 10648 --- [todolist] [http-nio-8080-exec-2] c.t.todolist.security.JwtRequestFilter   : Authorization header is missing or does not start with Bearer 
2024-08-26T15:04:41.152+08:00  INFO 10648 --- [todolist] [http-nio-8080-exec-4] c.t.todolist.security.JwtRequestFilter   : Processing request to: /api/v1/security/register
2024-08-26T15:04:41.152+08:00  INFO 10648 --- [todolist] [http-nio-8080-exec-4] c.t.todolist.security.JwtRequestFilter   : Authorization Header: null
2024-08-26T15:04:41.152+08:00  WARN 10648 --- [todolist] [http-nio-8080-exec-4] c.t.todolist.security.JwtRequestFilter   : Authorization header is missing or does not start with Bearer 
2024-08-26T15:04:41.154+08:00  INFO 10648 --- [todolist] [http-nio-8080-exec-4] c.t.t.c.security.RegistrationController  : Received Registration Request: RegistrationRequest(username=user6, password=user6, email=user6@gmail.com)
2024-08-26T15:04:42.383+08:00  INFO 10648 --- [todolist] [http-nio-8080-exec-5] c.t.todolist.security.JwtRequestFilter   : Processing request to: /api/v1/CRUD/getAllTasks
2024-08-26T15:04:42.383+08:00  INFO 10648 --- [todolist] [http-nio-8080-exec-5] c.t.todolist.security.JwtRequestFilter   : Authorization Header: null
2024-08-26T15:04:42.384+08:00  WARN 10648 --- [todolist] [http-nio-8080-exec-5] c.t.todolist.security.JwtRequestFilter   : Authorization header is missing or does not start with Bearer 
2024-08-26T15:04:42.400+08:00  INFO 10648 --- [todolist] [http-nio-8080-exec-6] c.t.todolist.security.JwtRequestFilter   : Processing request to: /api/v1/CRUD/getAllTasks
2024-08-26T15:04:42.401+08:00  INFO 10648 --- [todolist] [http-nio-8080-exec-6] c.t.todolist.security.JwtRequestFilter   : Authorization Header: null
2024-08-26T15:04:42.401+08:00  WARN 10648 --- [todolist] [http-nio-8080-exec-6] c.t.todolist.security.JwtRequestFilter   : Authorization header is missing or does not start with Bearer 
2024-08-26T15:06:53.304+08:00  INFO 10648 --- [todolist] [http-nio-8080-exec-8] c.t.todolist.security.JwtRequestFilter   : Processing request to: /api/v1/security/register
2024-08-26T15:06:53.305+08:00  INFO 10648 --- [todolist] [http-nio-8080-exec-8] c.t.todolist.security.JwtRequestFilter   : Authorization Header: null
2024-08-26T15:06:53.305+08:00  WARN 10648 --- [todolist] [http-nio-8080-exec-8] c.t.todolist.security.JwtRequestFilter   : Authorization header is missing or does not start with Bearer 
2024-08-26T15:06:53.308+08:00  INFO 10648 --- [todolist] [http-nio-8080-exec-8] c.t.t.c.security.RegistrationController  : Received Registration Request: RegistrationRequest(username=user7, password=user7, email=user7@gmail.com)
2024-08-26T15:06:54.487+08:00  INFO 10648 --- [todolist] [http-nio-8080-exec-9] c.t.todolist.security.JwtRequestFilter   : Processing request to: /api/v1/CRUD/getAllTasks
2024-08-26T15:06:54.487+08:00  INFO 10648 --- [todolist] [http-nio-8080-exec-9] c.t.todolist.security.JwtRequestFilter   : Authorization Header: null
2024-08-26T15:06:54.488+08:00  WARN 10648 --- [todolist] [http-nio-8080-exec-9] c.t.todolist.security.JwtRequestFilter   : Authorization header is missing or does not start with Bearer 
2024-08-26T15:06:54.495+08:00  INFO 10648 --- [todolist] [http-nio-8080-exec-10] c.t.todolist.security.JwtRequestFilter   : Processing request to: /api/v1/CRUD/getAllTasks
2024-08-26T15:06:54.495+08:00  INFO 10648 --- [todolist] [http-nio-8080-exec-10] c.t.todolist.security.JwtRequestFilter   : Authorization Header: null
2024-08-26T15:06:54.495+08:00  WARN 10648 --- [todolist] [http-nio-8080-exec-10] c.t.todolist.security.JwtRequestFilter   : Authorization header is missing or does not start with Bearer 
2024-08-26T15:16:54.412+08:00  INFO 10648 --- [todolist] [http-nio-8080-exec-2] c.t.todolist.security.JwtRequestFilter   : Processing request to: /api/v1/CRUD/getAllTasks
2024-08-26T15:16:54.414+08:00  INFO 10648 --- [todolist] [http-nio-8080-exec-2] c.t.todolist.security.JwtRequestFilter   : Authorization Header: null
2024-08-26T15:16:54.414+08:00  WARN 10648 --- [todolist] [http-nio-8080-exec-2] c.t.todolist.security.JwtRequestFilter   : Authorization header is missing or does not start with Bearer 
2024-08-26T15:16:54.422+08:00  INFO 10648 --- [todolist] [http-nio-8080-exec-3] c.t.todolist.security.JwtRequestFilter   : Processing request to: /api/v1/CRUD/getAllTasks
2024-08-26T15:16:54.423+08:00  INFO 10648 --- [todolist] [http-nio-8080-exec-3] c.t.todolist.security.JwtRequestFilter   : Authorization Header: null
2024-08-26T15:16:54.423+08:00  WARN 10648 --- [todolist] [http-nio-8080-exec-3] c.t.todolist.security.JwtRequestFilter   : Authorization header is missing or does not start with Bearer 
2024-08-26T15:18:07.232+08:00  INFO 10648 --- [todolist] [http-nio-8080-exec-5] c.t.todolist.security.JwtRequestFilter   : Processing request to: /api/v1/CRUD/getAllTasks
2024-08-26T15:18:07.233+08:00  INFO 10648 --- [todolist] [http-nio-8080-exec-5] c.t.todolist.security.JwtRequestFilter   : Authorization Header: null
2024-08-26T15:18:07.234+08:00  WARN 10648 --- [todolist] [http-nio-8080-exec-5] c.t.todolist.security.JwtRequestFilter   : Authorization header is missing or does not start with Bearer 
2024-08-26T15:18:07.242+08:00  INFO 10648 --- [todolist] [http-nio-8080-exec-6] c.t.todolist.security.JwtRequestFilter   : Processing request to: /api/v1/CRUD/getAllTasks
2024-08-26T15:18:07.242+08:00  INFO 10648 --- [todolist] [http-nio-8080-exec-6] c.t.todolist.security.JwtRequestFilter   : Authorization Header: null
2024-08-26T15:18:07.243+08:00  WARN 10648 --- [todolist] [http-nio-8080-exec-6] c.t.todolist.security.JwtRequestFilter   : Authorization header is missing or does not start with Bearer 
2024-08-26T15:22:15.710+08:00  INFO 10648 --- [todolist] [http-nio-8080-exec-9] c.t.todolist.security.JwtRequestFilter   : Processing request to: /api/v1/security/register
2024-08-26T15:22:15.710+08:00  INFO 10648 --- [todolist] [http-nio-8080-exec-9] c.t.todolist.security.JwtRequestFilter   : Authorization Header: null
2024-08-26T15:22:15.710+08:00  WARN 10648 --- [todolist] [http-nio-8080-exec-9] c.t.todolist.security.JwtRequestFilter   : Authorization header is missing or does not start with Bearer 
2024-08-26T15:22:15.713+08:00  INFO 10648 --- [todolist] [http-nio-8080-exec-9] c.t.t.c.security.RegistrationController  : Received Registration Request: RegistrationRequest(username=user7, password=user7, email=user7@gmail.com)
2024-08-26T15:22:35.494+08:00  INFO 10648 --- [todolist] [http-nio-8080-exec-10] c.t.todolist.security.JwtRequestFilter   : Processing request to: /api/v1/security/register
2024-08-26T15:22:35.495+08:00  INFO 10648 --- [todolist] [http-nio-8080-exec-10] c.t.todolist.security.JwtRequestFilter   : Authorization Header: null
2024-08-26T15:22:35.495+08:00  WARN 10648 --- [todolist] [http-nio-8080-exec-10] c.t.todolist.security.JwtRequestFilter   : Authorization header is missing or does not start with Bearer 
2024-08-26T15:22:35.496+08:00  INFO 10648 --- [todolist] [http-nio-8080-exec-10] c.t.t.c.security.RegistrationController  : Received Registration Request: RegistrationRequest(username=user8, password=user8, email=user8@gmail.com)
2024-08-26T15:22:35.685+08:00  INFO 10648 --- [todolist] [http-nio-8080-exec-2] c.t.todolist.security.JwtRequestFilter   : Processing request to: /api/v1/security/authenticate
2024-08-26T15:22:35.685+08:00  INFO 10648 --- [todolist] [http-nio-8080-exec-2] c.t.todolist.security.JwtRequestFilter   : Authorization Header: null
2024-08-26T15:22:35.685+08:00  WARN 10648 --- [todolist] [http-nio-8080-exec-2] c.t.todolist.security.JwtRequestFilter   : Authorization header is missing or does not start with Bearer 
2024-08-26T15:22:35.692+08:00  INFO 10648 --- [todolist] [http-nio-8080-exec-2] c.t.t.c.s.AuthenticationController       : Received Authentication Request: AuthenticationRequest(username=user8, password=user8)
2024-08-26T15:22:36.802+08:00  INFO 10648 --- [todolist] [http-nio-8080-exec-5] c.t.todolist.security.JwtRequestFilter   : Processing request to: /api/v1/CRUD/getAllTasks
2024-08-26T15:22:36.803+08:00  INFO 10648 --- [todolist] [http-nio-8080-exec-5] c.t.todolist.security.JwtRequestFilter   : Authorization Header: Bearer eyJhbGciOiJIUzI1NiJ9.eyJzdWIiOiJ1c2VyOCIsImlhdCI6MTcyNDY1Njk1NSwiZXhwIjoxNzI0NjYwNTU1fQ.sAipFO7SFQJU5VnOp1f9OZW3bBqSUd5oyL6M5cQElts
2024-08-26T15:22:36.803+08:00  INFO 10648 --- [todolist] [http-nio-8080-exec-5] c.t.todolist.security.JwtRequestFilter   : Extracted JWT from Header: eyJhbGciOiJIUzI1NiJ9.eyJzdWIiOiJ1c2VyOCIsImlhdCI6MTcyNDY1Njk1NSwiZXhwIjoxNzI0NjYwNTU1fQ.sAipFO7SFQJU5VnOp1f9OZW3bBqSUd5oyL6M5cQElts
2024-08-26T15:22:36.828+08:00  INFO 10648 --- [todolist] [http-nio-8080-exec-5] c.t.todolist.security.JwtRequestFilter   : Extracted Username from JWT: user8
2024-08-26T15:22:36.916+08:00  INFO 10648 --- [todolist] [http-nio-8080-exec-5] c.t.todolist.security.JwtRequestFilter   : Loaded user details: username: user8, authorities: []
2024-08-26T15:22:37.019+08:00  INFO 10648 --- [todolist] [http-nio-8080-exec-6] c.t.todolist.security.JwtRequestFilter   : Processing request to: /api/v1/CRUD/getAllTasks
2024-08-26T15:22:37.019+08:00  INFO 10648 --- [todolist] [http-nio-8080-exec-6] c.t.todolist.security.JwtRequestFilter   : Authorization Header: Bearer eyJhbGciOiJIUzI1NiJ9.eyJzdWIiOiJ1c2VyOCIsImlhdCI6MTcyNDY1Njk1NSwiZXhwIjoxNzI0NjYwNTU1fQ.sAipFO7SFQJU5VnOp1f9OZW3bBqSUd5oyL6M5cQElts
2024-08-26T15:22:37.019+08:00  INFO 10648 --- [todolist] [http-nio-8080-exec-6] c.t.todolist.security.JwtRequestFilter   : Extracted JWT from Header: eyJhbGciOiJIUzI1NiJ9.eyJzdWIiOiJ1c2VyOCIsImlhdCI6MTcyNDY1Njk1NSwiZXhwIjoxNzI0NjYwNTU1fQ.sAipFO7SFQJU5VnOp1f9OZW3bBqSUd5oyL6M5cQElts
2024-08-26T15:22:37.021+08:00  INFO 10648 --- [todolist] [http-nio-8080-exec-6] c.t.todolist.security.JwtRequestFilter   : Extracted Username from JWT: user8
2024-08-26T15:22:37.026+08:00  INFO 10648 --- [todolist] [http-nio-8080-exec-6] c.t.todolist.security.JwtRequestFilter   : Loaded user details: username: user8, authorities: []
2024-08-26T15:27:44.541+08:00  INFO 10648 --- [todolist] [http-nio-8080-exec-9] c.t.todolist.security.JwtRequestFilter   : Processing request to: /api/v1/security/register
2024-08-26T15:27:44.542+08:00  INFO 10648 --- [todolist] [http-nio-8080-exec-9] c.t.todolist.security.JwtRequestFilter   : Authorization Header: null
2024-08-26T15:27:44.542+08:00  WARN 10648 --- [todolist] [http-nio-8080-exec-9] c.t.todolist.security.JwtRequestFilter   : Authorization header is missing or does not start with Bearer 
2024-08-26T15:27:44.544+08:00  INFO 10648 --- [todolist] [http-nio-8080-exec-9] c.t.t.c.security.RegistrationController  : Received Registration Request: RegistrationRequest(username=user9, password=user9, email=user9@gmail.com)
2024-08-26T15:27:44.734+08:00  INFO 10648 --- [todolist] [http-nio-8080-exec-10] c.t.todolist.security.JwtRequestFilter   : Processing request to: /api/v1/security/authenticate
2024-08-26T15:27:44.735+08:00  INFO 10648 --- [todolist] [http-nio-8080-exec-10] c.t.todolist.security.JwtRequestFilter   : Authorization Header: null
2024-08-26T15:27:44.735+08:00  WARN 10648 --- [todolist] [http-nio-8080-exec-10] c.t.todolist.security.JwtRequestFilter   : Authorization header is missing or does not start with Bearer 
2024-08-26T15:27:44.737+08:00  INFO 10648 --- [todolist] [http-nio-8080-exec-10] c.t.t.c.s.AuthenticationController       : Received Authentication Request: AuthenticationRequest(username=user9, password=user9)
2024-08-26T15:27:45.790+08:00  INFO 10648 --- [todolist] [http-nio-8080-exec-1] c.t.todolist.security.JwtRequestFilter   : Processing request to: /api/v1/CRUD/getAllTasks
2024-08-26T15:27:45.790+08:00  INFO 10648 --- [todolist] [http-nio-8080-exec-1] c.t.todolist.security.JwtRequestFilter   : Authorization Header: Bearer eyJhbGciOiJIUzI1NiJ9.eyJzdWIiOiJ1c2VyOSIsImlhdCI6MTcyNDY1NzI2NCwiZXhwIjoxNzI0NjYwODY0fQ._wk_vGbbJSlkNmWSAmdUN6TqtCcCZTJ2sUmQZ-Bzm3A
2024-08-26T15:27:45.790+08:00  INFO 10648 --- [todolist] [http-nio-8080-exec-1] c.t.todolist.security.JwtRequestFilter   : Extracted JWT from Header: eyJhbGciOiJIUzI1NiJ9.eyJzdWIiOiJ1c2VyOSIsImlhdCI6MTcyNDY1NzI2NCwiZXhwIjoxNzI0NjYwODY0fQ._wk_vGbbJSlkNmWSAmdUN6TqtCcCZTJ2sUmQZ-Bzm3A
2024-08-26T15:27:45.792+08:00  INFO 10648 --- [todolist] [http-nio-8080-exec-1] c.t.todolist.security.JwtRequestFilter   : Extracted Username from JWT: user9
2024-08-26T15:27:45.800+08:00  INFO 10648 --- [todolist] [http-nio-8080-exec-1] c.t.todolist.security.JwtRequestFilter   : Loaded user details: username: user9, authorities: []
2024-08-26T15:27:45.830+08:00  INFO 10648 --- [todolist] [http-nio-8080-exec-2] c.t.todolist.security.JwtRequestFilter   : Processing request to: /api/v1/CRUD/getAllTasks
2024-08-26T15:27:45.831+08:00  INFO 10648 --- [todolist] [http-nio-8080-exec-2] c.t.todolist.security.JwtRequestFilter   : Authorization Header: Bearer eyJhbGciOiJIUzI1NiJ9.eyJzdWIiOiJ1c2VyOSIsImlhdCI6MTcyNDY1NzI2NCwiZXhwIjoxNzI0NjYwODY0fQ._wk_vGbbJSlkNmWSAmdUN6TqtCcCZTJ2sUmQZ-Bzm3A
2024-08-26T15:27:45.831+08:00  INFO 10648 --- [todolist] [http-nio-8080-exec-2] c.t.todolist.security.JwtRequestFilter   : Extracted JWT from Header: eyJhbGciOiJIUzI1NiJ9.eyJzdWIiOiJ1c2VyOSIsImlhdCI6MTcyNDY1NzI2NCwiZXhwIjoxNzI0NjYwODY0fQ._wk_vGbbJSlkNmWSAmdUN6TqtCcCZTJ2sUmQZ-Bzm3A
2024-08-26T15:27:45.834+08:00  INFO 10648 --- [todolist] [http-nio-8080-exec-2] c.t.todolist.security.JwtRequestFilter   : Extracted Username from JWT: user9
2024-08-26T15:27:45.840+08:00  INFO 10648 --- [todolist] [http-nio-8080-exec-2] c.t.todolist.security.JwtRequestFilter   : Loaded user details: username: user9, authorities: []
2024-08-26T20:51:26.179+08:00  INFO 10648 --- [todolist] [RMI TCP Connection(359)-127.0.0.1] inMXBeanRegistrar$SpringApplicationAdmin : Application shutdown requested.
2024-08-26T20:51:26.240+08:00  INFO 10648 --- [todolist] [RMI TCP Connection(359)-127.0.0.1] j.LocalContainerEntityManagerFactoryBean : Closing JPA EntityManagerFactory for persistence unit 'default'
2024-08-26T20:51:26.252+08:00  INFO 10648 --- [todolist] [RMI TCP Connection(359)-127.0.0.1] com.zaxxer.hikari.HikariDataSource       : HikariPool-1 - Shutdown initiated...
2024-08-26T20:51:26.326+08:00  INFO 10648 --- [todolist] [RMI TCP Connection(359)-127.0.0.1] com.zaxxer.hikari.HikariDataSource       : HikariPool-1 - Shutdown completed.
